<?xml version="1.0" encoding="UTF-8"?>
<testsuite xmlns:xsi="http://www.w3.org/2001/XMLSchema-instance" xsi:noNamespaceSchemaLocation="https://maven.apache.org/surefire/maven-surefire-plugin/xsd/surefire-test-report-3.0.xsd" version="3.0" name="edu.uptc.software.SistemaOrdenesTest" time="0.436" tests="1" errors="0" skipped="0" failures="0">
  <properties>
[...]
</properties>
  <testcase name="testProcesarPagoConAdaptador" classname="edu.uptc.software.SistemaOrdenesTest" time="0.395">
    <system-out><![CDATA[Proveedor externo procesando pago...
Transacción exitosa. ID de autorización: 19262
]]></system-out>
  </testcase>
</testsuite>